<?xml version="1.0" encoding="UTF-8"?>
<!-- Generated by org.testng.reporters.JUnitXMLReporter -->
<testsuite ignored="0" hostname="LAPTOP-1311K3P6" failures="1" tests="1" name="LoginTests(failed)" time="7.304" errors="0" timestamp="2025-05-23T20:03:31 BST">
  <testcase classname="com.crm.qa.test.OpenNewAccountPageTest" name="validateOpenAccountPage" time="0.095">
    <failure type="java.lang.AssertionError" message="expected [Open New Account] but found [Open New Accoun]">
      <![CDATA[java.lang.AssertionError: expected [Open New Account] but found [Open New Accoun]
at com.crm.qa.test.OpenNewAccountPageTest.validateOpenAccountPage(OpenNewAccountPageTest.java:39)
at java.base/java.util.ArrayList.forEach(ArrayList.java:1596)
... Removed 31 stack frames]]>
    </failure>
  </testcase> <!-- validateOpenAccountPage -->
</testsuite> <!-- LoginTests(failed) -->
