<?xml version="1.0" encoding="UTF-8"?>
<!-- Generated by org.testng.reporters.JUnitXMLReporter -->
<testsuite ignored="1" hostname="LAPTOP-1311K3P6" failures="1" tests="4" name="LoginTests" time="22.728" errors="0" timestamp="2025-05-23T20:02:43 BST">
  <testcase classname="com.crm.qa.test.LoginPageTest" name="validateLogin" time="1.211"/>
  <testcase classname="com.crm.qa.test.HomePageTest" name="validateGotoNewAccount" time="0.494"/>
  <testcase classname="com.crm.qa.test.HomePageTest" name="validateLogout" time="0.88"/>
  <testcase classname="com.crm.qa.test.OpenNewAccountPageTest" name="validateOpenAccountPage" time="0.063">
    <failure type="java.lang.AssertionError" message="expected [Open New Account] but found [Open New Accoun]">
      <![CDATA[java.lang.AssertionError: expected [Open New Account] but found [Open New Accoun]
at com.crm.qa.test.OpenNewAccountPageTest.validateOpenAccountPage(OpenNewAccountPageTest.java:39)
at java.base/java.util.ArrayList.forEach(ArrayList.java:1596)
... Removed 31 stack frames]]>
    </failure>
  </testcase> <!-- validateOpenAccountPage -->
  <testcase classname="com.crm.qa.test.LoginPageTest" name="validateLoginPageTitle" time="0.0">
    <ignored/>
  </testcase> <!-- validateLoginPageTitle -->
</testsuite> <!-- LoginTests -->
